TD09B7C00 000:002.574   SEGGER J-Link V8.10a Log File
TD09B7C00 000:002.716   DLL Compiled: Oct  2 2024 14:18:10
TD09B7C00 000:002.720   Logging started @ 2025-10-21 11:56
TD09B7C00 000:002.723   Process: /home/alex/.eclipse/com.renesas.platform_1208549798/DebugComp/RZ/e2-server-gdb
TD09B7C00 000:002.727 - 2.726ms
TD09B7C00 000:002.733 JLINK_GetDLLVersion()
TD09B7C00 000:002.738 - 0.004ms returns 81001
TD09B7C00 000:002.929 JLINK_OpenEx(...)
TD09B7C00 000:006.972   Firmware: J-Link V11 compiled Apr  1 2025 10:02:30
TD09B7C00 000:007.844   Firmware: J-Link V11 compiled Apr  1 2025 10:02:30
TD09B7C00 000:009.845   Hardware: V11.00
TD09B7C00 000:009.853   S/N: 821012647
TD09B7C00 000:009.857   OEM: SEGGER
TD09B7C00 000:009.860   Feature(s): GDB
TD09B7C00 000:010.866   Bootloader: 2019 Jul 04
TD09B7C00 000:011.349   USB speed mode: High speed (480 MBit/s)
TD09B7C00 000:011.800   TELNET listener socket opened on port 19021
TD09B7C00 000:011.986   WEBSRV WEBSRV_Init(): Starting webserver thread(s)
TD09B7C00 000:012.070   WEBSRV Webserver running on local port 19080
TD09B7C00 000:012.081   Looking for J-Link GUI Server exe at: ARM/Segger_v8.10.1/JLinkGUIServerExe
TD09B7C00 000:012.091   Looking for J-Link GUI Server exe at: /opt/SEGGER/JLink/JLinkGUIServerExe
TD09B7C00 000:012.101   Forking J-Link GUI Server: /opt/SEGGER/JLink/JLinkGUIServerExe
TD09B7C00 000:029.805   J-Link GUI Server info: "J-Link GUI server V7.98f "
TD09B7C00 000:030.514 - 27.555ms returns "O.K."
TD09B7C00 000:030.582 JLINK_ExecCommand("ProjectFile="/home/alex/e2_studio/workspace11/RZA3M_Feather_Display/RZA3M_Feather_Display Debug_Flat.jlink"", ...). 
TD09B7C00 000:052.505 - 21.923ms returns 0x00
TD09B7C00 000:052.716 JLINK_ExecCommand("device=R9A07G066M04", ...). 
TD09B7C00 000:057.837   Device "R9A07G066M04" selected.
TD09B7C00 000:058.113 - 5.391ms returns 0x00
TD09B7C00 000:058.183 JLINK_ExecCommand("SetCPUConnectIDCODE = FFFFFFFFFFFFFFFFFFFFFFFFFFFFFFFF", ...). 
TD09B7C00 000:058.196 - 0.004ms returns 0x00
TD09B7C00 000:058.205 JLINK_TIF_GetAvailable(...)
TD09B7C00 000:058.382 - 0.177ms
TD09B7C00 000:058.392 JLINK_TIF_Select(JLINKARM_TIF_JTAG)
TD09B7C00 000:059.495 - 1.104ms returns 0x00
TD09B7C00 000:059.506 JLINK_SetSpeed(4000)
TD09B7C00 000:059.634 - 0.129ms
TD09B7C00 000:059.642 JLINK_SetEndian(ARM_ENDIAN_LITTLE)
TD09B7C00 000:059.648 - 0.005ms returns 0
TD09B7C00 000:059.653 JLINK_SetInitRegsOnReset(OFF)
TD09B7C00 000:059.658 - 0.004ms returns 1
TD09B7C00 000:059.664 JLINK_SetResetType(JLINKARM_RESET_TYPE_NORMAL)
TD09B7C00 000:059.670 - 0.006ms returns JLINKARM_RESET_TYPE_NORMAL
TD09B7C00 000:059.676 JLINK_ExecCommand("EnableFlashBPs", ...). 
TD09B7C00 000:059.680 - 0.002ms returns 0x00
TD09B7C00 000:059.690 JLINK_ExecCommand("SetAllowFlashCache = 1", ...). 
TD09B7C00 000:059.697 - 0.003ms returns 0x01
TD09B7C00 000:059.702 JLINK_ExecCommand("SetRestartOnClose = 0", ...). 
TD09B7C00 000:059.709 - 0.003ms returns 0x01
TD09B7C00 000:059.716 JLINK_EnableSoftBPs(ON)
TD09B7C00 000:059.721 - 0.006ms
TD09B7C00 000:059.726 JLINK_Connect()
TD09B7C00 000:060.598   TotalIRLen = 4, IRPrint = 0x01
TD09B7C00 000:061.118   JTAG chain detection found 1 devices:
TD09B7C00 000:061.139    #0 Id: 0x6BA00477, IRLen: 04, CoreSight JTAG-DP
TD09B7C00 000:061.970   DPv0 detected
TD09B7C00 000:061.977   Scanning AP map to find all available APs
TD09B7C00 000:063.213   AP[4]: Stopped AP scan as end of AP map has been reached
TD09B7C00 000:063.239   AP[0]: APB-AP (IDR: 0x54770002, ADDR: 0x00000000)
TD09B7C00 000:063.250   AP[1]: AXI-AP (IDR: 0x44770004, ADDR: 0x01000000)
TD09B7C00 000:063.259   AP[2]: AHB-AP (IDR: 0x84770001, ADDR: 0x02000000)
TD09B7C00 000:063.269   AP[3]: AHB-AP (IDR: 0x84770001, ADDR: 0x03000000)
TD09B7C00 000:063.278   Iterating through AP map to find APB-AP to use
TD09B7C00 000:063.289   AP[0]: APB-AP found
TD09B7C00 000:063.298   No AP map specified by user. Setting auto-detected AP map.
TD09B7C00 000:063.309   Core base address and CTI core base address are both not set. Performing autodetection as fallback.
TD09B7C00 000:063.583   Scanning ROMTbl @ 0x10C00000
TD09B7C00 000:065.581   [0]Comp[0] @ 0x10C10000: TSG
TD09B7C00 000:066.379   [0]Comp[1] @ 0x10C20000: TMC
TD09B7C00 000:067.139   [0]Comp[2] @ 0x10C30000: ETB
TD09B7C00 000:067.891   [0]Comp[3] @ 0x10C40000: CSTF
TD09B7C00 000:068.596   [0]Comp[4] @ 0x10C50000: CTI (?)
TD09B7C00 000:069.339   [0]Comp[5] @ 0x10C60000: CTI (?)
TD09B7C00 000:070.080   [0]Comp[6] @ 0x10E00000: ROM Table
TD09B7C00 000:070.085   Scanning ROMTbl @ 0x10E00000
TD09B7C00 000:072.348   [1]Comp[0] @ 0x10E10000: Cortex-A55
TD09B7C00 000:073.102   [1]Comp[1] @ 0x10E20000: CSS600-CTI
TD09B7C00 000:073.109   Core found. Stopped ROM table scan: https://wiki.segger.com/ROMTableScan
TD09B7C00 000:073.134   Cortex-A55 @ 0x10E10000 (detected)
TD09B7C00 000:073.142   CoreCTI @ 0x10E20000 (detected)
TD09B7C00 000:073.704   Debug architecture: ARMv8.2
TD09B7C00 000:073.711   6 code breakpoints, 4 data breakpoints
TD09B7C00 000:074.180   Processor features:
TD09B7C00 000:074.190     EL0 support: AArch64 + AArch32
TD09B7C00 000:074.196     EL1 support: AArch64 + AArch32
TD09B7C00 000:074.203     EL2 support: AArch64 + AArch32
TD09B7C00 000:074.209     EL3 support: AArch64 + AArch32
TD09B7C00 000:074.216     FPU support: Single + Double + Conversion + single arithmetic
TD09B7C00 000:074.593   -- Max. mem block: 0x00005C18
TD09B7C00 000:075.570   Add. info (CPU temp. halted)
TD09B7C00 000:082.788   Current exception level: EL3
TD09B7C00 000:082.805   Exception level AArch usage:
TD09B7C00 000:082.812     EL0: AArch64
TD09B7C00 000:082.819     EL1: AArch64
TD09B7C00 000:082.825     EL2: AArch64
TD09B7C00 000:082.832     EL3: AArch64
TD09B7C00 000:082.840   Non-secure status: Secure
TD09B7C00 000:083.153   Cache info:
TD09B7C00 000:083.163     Inner cache boundary: L2
TD09B7C00 000:083.171     LoU Uniprocessor: 0
TD09B7C00 000:083.175     LoC: 2
TD09B7C00 000:083.184     LoU Inner Shareable: 0
TD09B7C00 000:084.236   I-Cache L1: 32 KB, 128 Sets, 64 Bytes/Line, 4-Way
TD09B7C00 000:084.240   D-Cache L1: 32 KB, 128 Sets, 64 Bytes/Line, 4-Way
TD09B7C00 000:084.243   Unified-Cache L2: 256 KB, 256 Sets, 64 Bytes/Line, 16-Way
TD09B7C00 000:084.574   VMSAv8-64: Supports 48-bit VAs
TD09B7C00 000:085.717 - 25.991ms returns 0x00
TD09B7C00 000:085.728 JLINK_Halt()
TD09B7C00 000:092.528 - 6.799ms returns 0x00
TD09B7C00 000:092.548 JLINK_IsHalted()
TD09B7C00 000:092.560 - 0.012ms returns TRUE
TD09B7C00 000:092.568 JLINK_ResetPullsRESET(ON)
TD09B7C00 000:092.577 - 0.007ms
TD09B7C00 000:092.582 JLINK_Reset()
TD09B7C00 000:092.599   JLINK_GetResetTypeDesc
TD09B7C00 000:092.606   - 0.007ms
TD09B7C00 000:092.613   Reset type: NORMAL (https://wiki.segger.com/J-Link_Reset_Strategies)
TD09B7C00 000:214.046   Reset confused the core.
TD09B7C00 000:214.873   Disabled core power domain detected.
TD09B7C00 000:216.238   
  ***** Warning: 
TD09B7C00 000:216.248   CPU not halted after Reset, halting using Halt request
TD09B7C00 000:232.103 - 139.517ms
TD09B7C00 000:232.167 JLINK_IsHalted()
TD09B7C00 000:232.185 - 0.018ms returns TRUE
TD09B7C00 000:232.657 JLINK_MeasureCPUSpeed(RAMAddr = 0xFFFFFFFF)
TD09B7C00 000:232.663 - 0.006ms returns 0
TD09B7C00 000:232.764 JLINK_ReadRegs_64(NumRegs = 1, Indexes: 
TD09B7C00 000:232.769   41)
TD09B7C00 000:232.776    -- CPSR=0x800003CD
TD09B7C00 000:232.781 - 0.018ms returns 0
TC89F26C0 000:287.053 JLINK_BeginDownload(Flags = 0x00000000)
TC89F26C0 000:287.079 - 0.028ms
TC89F26C0 000:290.281 JLINK_WriteMem(0x20000000, 0xBD0 Bytes, ...)
TC89F26C0 000:290.392   Data:  00 98 00 00 FF FF FF FF FF FF FF FF FF FF FF FF ...
TC89F26C0 000:291.224   completely In flash
TC89F26C0 000:291.241 - 0.970ms returns 0xBD0
TC89F26C0 000:291.533 JLINK_WriteMem(0x20000BD0, 0xBC0 Bytes, ...)
TC89F26C0 000:291.541   Data:  FD 7B C1 A8 C0 03 5F D6 00 00 80 52 00 00 00 12 ...
TC89F26C0 000:291.562   completely In flash
TC89F26C0 000:291.569 - 0.035ms returns 0xBC0
TC89F26C0 000:291.715 JLINK_WriteMem(0x20001790, 0xBD0 Bytes, ...)
TC89F26C0 000:291.717   Data:  63 FC 60 D3 23 0C 01 B9 20 10 01 B9 25 14 01 B9 ...
TC89F26C0 000:291.737   completely In flash
TC89F26C0 000:291.743 - 0.030ms returns 0xBD0
TC89F26C0 000:291.877 JLINK_WriteMem(0x20002360, 0xBA0 Bytes, ...)
TC89F26C0 000:291.880   Data:  00 80 10 91 7C FF FF 17 81 62 81 D2 21 20 A2 F2 ...
TC89F26C0 000:291.894   completely In flash
TC89F26C0 000:291.901 - 0.024ms returns 0xBA0
TC89F26C0 000:292.031 JLINK_WriteMem(0x20002F00, 0xBA0 Bytes, ...)
TC89F26C0 000:292.034   Data:  E1 93 41 39 D8 FE FF 97 01 39 80 D2 01 28 A2 F2 ...
TC89F26C0 000:292.043   completely In flash
TC89F26C0 000:292.048 - 0.017ms returns 0xBA0
TC89F26C0 000:292.187 JLINK_WriteMem(0x20003AA0, 0xBB0 Bytes, ...)
TC89F26C0 000:292.193   Data:  00 28 A2 F2 23 00 19 32 DF 00 00 B9 03 00 00 B9 ...
TC89F26C0 000:292.200   completely In flash
TC89F26C0 000:292.206 - 0.019ms returns 0xBB0
TC89F26C0 000:292.356 JLINK_WriteMem(0x20004650, 0xBB0 Bytes, ...)
TC89F26C0 000:292.358   Data:  81 12 69 39 41 0F 00 35 01 C4 81 D2 41 20 A2 F2 ...
TC89F26C0 000:292.365   completely In flash
TC89F26C0 000:292.370 - 0.014ms returns 0xBB0
TC89F26C0 000:292.491 JLINK_WriteMem(0x20005200, 0xBB0 Bytes, ...)
TC89F26C0 000:292.495   Data:  01 00 80 D2 44 68 61 F8 84 04 40 B2 24 68 23 F8 ...
TC89F26C0 000:292.500   completely In flash
TC89F26C0 000:292.504 - 0.013ms returns 0xBB0
TC89F26C0 000:292.628 JLINK_WriteMem(0x20005DB0, 0xBC0 Bytes, ...)
TC89F26C0 000:292.631   Data:  60 2E 00 91 E1 03 14 2A 00 F0 7D 92 7C 02 80 B9 ...
TC89F26C0 000:292.644   completely In flash
TC89F26C0 000:292.650 - 0.022ms returns 0xBC0
TC89F26C0 000:292.774 JLINK_WriteMem(0x20006970, 0xBE0 Bytes, ...)
TC89F26C0 000:292.776   Data:  00 00 00 00 00 06 00 00 04 00 00 00 00 00 00 00 ...
TC89F26C0 000:292.786   completely In flash
TC89F26C0 000:292.793 - 0.019ms returns 0xBE0
TC89F26C0 000:292.910 JLINK_WriteMem(0x20007550, 0xBE0 Bytes, ...)
TC89F26C0 000:292.915   Data:  F0 05 00 00 64 00 02 02 F4 05 00 00 02 02 02 02 ...
TC89F26C0 000:292.924   completely In flash
TC89F26C0 000:292.931 - 0.019ms returns 0xBE0
TC89F26C0 000:293.048 JLINK_WriteMem(0x20008130, 0xBE0 Bytes, ...)
TC89F26C0 000:293.051   Data:  20 25 64 0A 00 0A 55 6E 73 75 70 70 6F 72 74 65 ...
TC89F26C0 000:293.056   completely In flash
TC89F26C0 000:293.062 - 0.014ms returns 0xBE0
TC89F26C0 000:293.185 JLINK_WriteMem(0x20008D10, 0xBE0 Bytes, ...)
TC89F26C0 000:293.189   Data:  00 00 00 00 00 00 00 00 00 00 00 00 00 00 00 00 ...
TC89F26C0 000:293.198   completely In flash
TC89F26C0 000:293.204 - 0.021ms returns 0xBE0
TC89F26C0 000:293.284 JLINK_WriteMem(0x200098F0, 0x110 Bytes, ...)
TC89F26C0 000:293.288   Data:  00 00 00 00 00 00 00 00 00 00 00 00 00 00 00 00 ...
TC89F26C0 000:293.295   completely In flash
TC89F26C0 000:293.300 - 0.017ms returns 0x110
TC89F26C0 000:296.142 JLINK_WriteMem(0x20020000, 0xBE0 Bytes, ...)
TC89F26C0 000:296.164   Data:  00 08 02 20 00 00 00 00 FF F7 FD DF FF FF FF FF ...
TC89F26C0 000:296.179   completely In flash
TC89F26C0 000:296.186 - 0.044ms returns 0xBE0
TC89F26C0 000:296.315 JLINK_WriteMem(0x20020BE0, 0xBE0 Bytes, ...)
TC89F26C0 000:296.318   Data:  00 00 00 00 00 00 00 00 00 00 00 00 00 00 00 00 ...
TC89F26C0 000:296.332   completely In flash
TC89F26C0 000:296.338 - 0.025ms returns 0xBE0
TC89F26C0 000:296.457 JLINK_WriteMem(0x200217C0, 0xBD0 Bytes, ...)
TC89F26C0 000:296.461   Data:  1F 20 03 D5 1F 20 03 D5 1F 20 03 D5 1F 20 03 D5 ...
TC89F26C0 000:296.468   completely In flash
TC89F26C0 000:296.474 - 0.017ms returns 0xBD0
TC89F26C0 000:296.592 JLINK_WriteMem(0x20022390, 0xBD0 Bytes, ...)
TC89F26C0 000:296.596   Data:  13 00 40 F9 01 04 40 F9 E0 03 13 AA F3 10 00 94 ...
TC89F26C0 000:296.627   completely In flash
TC89F26C0 000:296.633 - 0.041ms returns 0xBD0
TC89F26C0 000:296.760 JLINK_WriteMem(0x20022F60, 0xBD0 Bytes, ...)
TC89F26C0 000:296.763   Data:  F3 53 01 A9 F5 13 00 F9 00 00 00 B0 00 0C 40 F9 ...
TC89F26C0 000:296.772   completely In flash
TC89F26C0 000:296.778 - 0.017ms returns 0xBD0
TC89F26C0 000:296.902 JLINK_WriteMem(0x20023B30, 0xBB0 Bytes, ...)
TC89F26C0 000:296.919   Data:  F7 1B 00 F9 F4 03 00 AA 00 18 40 F9 13 18 40 79 ...
TC89F26C0 000:296.925   completely In flash
TC89F26C0 000:296.931 - 0.029ms returns 0xBB0
TC89F26C0 000:297.049 JLINK_WriteMem(0x200246E0, 0xBA0 Bytes, ...)
TC89F26C0 000:297.053   Data:  41 90 40 39 21 78 1D 12 41 90 00 39 01 F0 40 39 ...
TC89F26C0 000:297.061   completely In flash
TC89F26C0 000:297.067 - 0.018ms returns 0xBA0
TC89F26C0 000:297.201 JLINK_WriteMem(0x20025280, 0xBC0 Bytes, ...)
TC89F26C0 000:297.209   Data:  F3 53 41 A9 F5 5B 42 A9 F7 1B 40 F9 FD 7B C4 A8 ...
TC89F26C0 000:297.213   completely In flash
TC89F26C0 000:297.219 - 0.018ms returns 0xBC0
TC89F26C0 000:297.347 JLINK_WriteMem(0x20025E40, 0xBB0 Bytes, ...)
TC89F26C0 000:297.349   Data:  64 01 00 34 21 00 80 52 04 00 00 14 01 00 80 52 ...
TC89F26C0 000:297.364   completely In flash
TC89F26C0 000:297.371 - 0.024ms returns 0xBB0
TC89F26C0 000:297.499 JLINK_WriteMem(0x200269F0, 0xBC0 Bytes, ...)
TC89F26C0 000:297.503   Data:  E0 03 14 AA C3 FE FF 97 95 0A 40 F9 B3 46 40 F9 ...
TC89F26C0 000:297.509   completely In flash
TC89F26C0 000:297.516 - 0.017ms returns 0xBC0
TC89F26C0 000:297.644 JLINK_WriteMem(0x200275B0, 0xBC0 Bytes, ...)
TC89F26C0 000:297.647   Data:  E0 03 15 AA 53 EE FF 97 E0 1F 40 F9 80 46 04 B9 ...
TC89F26C0 000:297.655   completely In flash
TC89F26C0 000:297.661 - 0.017ms returns 0xBC0
TC89F26C0 000:297.782 JLINK_WriteMem(0x20028170, 0xB90 Bytes, ...)
TC89F26C0 000:297.784   Data:  01 00 00 39 C0 03 5F D6 FD 7B BF A9 FD 03 00 91 ...
TC89F26C0 000:297.792   completely In flash
TC89F26C0 000:297.796 - 0.014ms returns 0xB90
TC89F26C0 000:297.914 JLINK_WriteMem(0x20028D00, 0xBC0 Bytes, ...)
TC89F26C0 000:297.916   Data:  21 00 80 52 01 60 00 39 61 06 40 B9 E0 03 14 AA ...
TC89F26C0 000:297.922   completely In flash
TC89F26C0 000:297.928 - 0.014ms returns 0xBC0
TC89F26C0 000:298.048 JLINK_WriteMem(0x200298C0, 0xBB0 Bytes, ...)
TC89F26C0 000:298.050   Data:  41 78 20 B8 C0 03 5F D6 FD 7B BD A9 FD 03 00 91 ...
TC89F26C0 000:298.061   completely In flash
TC89F26C0 000:298.067 - 0.019ms returns 0xBB0
TC89F26C0 000:298.207 JLINK_WriteMem(0x2002A470, 0xBC0 Bytes, ...)
TC89F26C0 000:298.213   Data:  FD 7B BD A9 FD 03 00 91 F3 0B 00 F9 F3 03 00 AA ...
TC89F26C0 000:298.218   completely In flash
TC89F26C0 000:298.224 - 0.017ms returns 0xBC0
TC89F26C0 000:298.351 JLINK_WriteMem(0x2002B030, 0xBC0 Bytes, ...)
TC89F26C0 000:298.353   Data:  E0 03 15 AA F7 42 00 91 8E 01 00 94 E0 03 17 AA ...
TC89F26C0 000:298.358   completely In flash
TC89F26C0 000:298.364 - 0.015ms returns 0xBC0
TC89F26C0 000:298.486 JLINK_WriteMem(0x2002BBF0, 0xBC0 Bytes, ...)
TC89F26C0 000:298.489   Data:  1F 00 7D F2 42 00 87 9A 63 00 85 9A C8 FF FF 17 ...
TC89F26C0 000:298.497   completely In flash
TC89F26C0 000:298.503 - 0.017ms returns 0xBC0
TC89F26C0 000:298.620 JLINK_WriteMem(0x2002C7B0, 0xBC0 Bytes, ...)
TC89F26C0 000:298.624   Data:  A2 57 40 F9 A1 02 00 CB A0 67 40 F9 1F 00 00 F1 ...
TC89F26C0 000:298.630   completely In flash
TC89F26C0 000:298.636 - 0.016ms returns 0xBC0
TC89F26C0 000:298.756 JLINK_WriteMem(0x2002D370, 0xBB0 Bytes, ...)
TC89F26C0 000:298.759   Data:  C4 2E 00 94 73 0A 00 51 61 E3 5F 38 7B 0B 00 D1 ...
TC89F26C0 000:298.772   completely In flash
TC89F26C0 000:298.779 - 0.024ms returns 0xBB0
TC89F26C0 000:298.896 JLINK_WriteMem(0x2002DF20, 0xBC0 Bytes, ...)
TC89F26C0 000:298.898   Data:  A1 DB 00 B9 40 C0 20 8B BA F9 FF 17 A2 4B 40 F9 ...
TC89F26C0 000:298.905   completely In flash
TC89F26C0 000:298.911 - 0.017ms returns 0xBC0
TC89F26C0 000:299.028 JLINK_WriteMem(0x2002EAE0, 0xBC0 Bytes, ...)
TC89F26C0 000:299.031   Data:  F5 03 1B 2A FB 03 05 AA 63 7C 40 93 21 04 00 11 ...
TC89F26C0 000:299.041   completely In flash
TC89F26C0 000:299.047 - 0.018ms returns 0xBC0
TC89F26C0 000:299.176 JLINK_WriteMem(0x2002F6A0, 0xBB0 Bytes, ...)
TC89F26C0 000:299.182   Data:  57 6E 30 37 17 A6 48 36 20 C3 F8 37 E0 4F 40 F9 ...
TC89F26C0 000:299.187   completely In flash
TC89F26C0 000:299.193 - 0.015ms returns 0xBB0
TC89F26C0 000:299.321 JLINK_WriteMem(0x20030250, 0xBD0 Bytes, ...)
TC89F26C0 000:299.326   Data:  59 14 00 A9 84 04 00 11 E4 8B 01 B9 E0 CB 00 F9 ...
TC89F26C0 000:299.334   completely In flash
TC89F26C0 000:299.340 - 0.019ms returns 0xBD0
TC89F26C0 000:299.459 JLINK_WriteMem(0x20030E20, 0xBD0 Bytes, ...)
TC89F26C0 000:299.462   Data:  E2 63 40 F9 E0 8F 40 B9 E1 8F 00 B9 40 C0 20 8B ...
TC89F26C0 000:299.470   completely In flash
TC89F26C0 000:299.476 - 0.017ms returns 0xBD0
TC89F26C0 000:299.599 JLINK_WriteMem(0x200319F0, 0xBD0 Bytes, ...)
TC89F26C0 000:299.602   Data:  9F 03 00 F1 F8 02 1C 12 9C 13 9F DA 57 48 00 36 ...
TC89F26C0 000:299.607   completely In flash
TC89F26C0 000:299.613 - 0.015ms returns 0xBD0
TC89F26C0 000:299.739 JLINK_WriteMem(0x200325C0, 0xBB0 Bytes, ...)
TC89F26C0 000:299.741   Data:  10 FE FF 17 01 B0 80 12 F7 02 01 0A B6 FC FF 17 ...
TC89F26C0 000:299.749   completely In flash
TC89F26C0 000:299.754 - 0.014ms returns 0xBB0
TC89F26C0 000:299.880 JLINK_WriteMem(0x20033170, 0xBC0 Bytes, ...)
TC89F26C0 000:299.884   Data:  21 F0 7D 92 A1 5F 00 F9 15 00 80 D2 BF 7F 0C A9 ...
TC89F26C0 000:299.891   completely In flash
TC89F26C0 000:299.898 - 0.017ms returns 0xBC0
TC89F26C0 000:300.021 JLINK_WriteMem(0x20033D30, 0xBC0 Bytes, ...)
TC89F26C0 000:300.024   Data:  D6 22 0E 91 00 03 00 F9 E0 03 16 AA F3 53 41 A9 ...
TC89F26C0 000:300.031   completely In flash
TC89F26C0 000:300.037 - 0.017ms returns 0xBC0
TC89F26C0 000:300.158 JLINK_WriteMem(0x200348F0, 0xBD0 Bytes, ...)
TC89F26C0 000:300.161   Data:  E2 03 03 2A E1 03 19 AA E0 03 13 AA E3 93 00 B9 ...
TC89F26C0 000:300.172   completely In flash
TC89F26C0 000:300.178 - 0.020ms returns 0xBD0
TC89F26C0 000:300.310 JLINK_WriteMem(0x200354C0, 0xBB0 Bytes, ...)
TC89F26C0 000:300.315   Data:  62 7F 40 93 5F 00 00 EB 82 00 00 54 C7 06 00 11 ...
TC89F26C0 000:300.321   completely In flash
TC89F26C0 000:300.326 - 0.016ms returns 0xBB0
TC89F26C0 000:300.445 JLINK_WriteMem(0x20036070, 0xBC0 Bytes, ...)
TC89F26C0 000:300.448   Data:  C0 03 5F D6 22 08 80 D2 01 01 80 D2 D5 18 00 94 ...
TC89F26C0 000:300.455   completely In flash
TC89F26C0 000:300.461 - 0.015ms returns 0xBC0
TC89F26C0 000:300.584 JLINK_WriteMem(0x20036C30, 0xBC0 Bytes, ...)
TC89F26C0 000:300.587   Data:  E0 03 01 AA F3 53 41 A9 FD 7B C2 A8 C0 03 5F D6 ...
TC89F26C0 000:300.592   completely In flash
TC89F26C0 000:300.600 - 0.015ms returns 0xBC0
TC89F26C0 000:300.741 JLINK_WriteMem(0x200377F0, 0xBC0 Bytes, ...)
TC89F26C0 000:300.744   Data:  A1 FC FF 54 42 20 00 D1 65 84 00 F8 21 20 00 91 ...
TC89F26C0 000:300.761   completely In flash
TC89F26C0 000:300.771 - 0.029ms returns 0xBC0
TC89F26C0 000:301.008 JLINK_WriteMem(0x200383B0, 0xBC0 Bytes, ...)
TC89F26C0 000:301.014   Data:  00 04 00 91 3F 04 00 71 01 FF FF 54 00 00 66 9E ...
TC89F26C0 000:301.023   completely In flash
TC89F26C0 000:301.029 - 0.021ms returns 0xBC0
TC89F26C0 000:301.238 JLINK_WriteMem(0x20038F70, 0xBC0 Bytes, ...)
TC89F26C0 000:301.244   Data:  42 04 00 D1 21 04 00 11 F5 13 40 F9 62 02 00 F9 ...
TC89F26C0 000:301.253   completely In flash
TC89F26C0 000:301.259 - 0.020ms returns 0xBC0
TC89F26C0 000:301.388 JLINK_WriteMem(0x20039B30, 0xBB0 Bytes, ...)
TC89F26C0 000:301.392   Data:  E1 BF 44 39 E0 83 40 B9 FF 47 00 F9 FF A3 00 B9 ...
TC89F26C0 000:301.402   completely In flash
TC89F26C0 000:301.407 - 0.019ms returns 0xBB0
TC89F26C0 000:301.529 JLINK_WriteMem(0x2003A6E0, 0xBC0 Bytes, ...)
TC89F26C0 000:301.533   Data:  77 38 30 36 80 67 F8 37 E0 4B 40 F9 01 2C 00 91 ...
TC89F26C0 000:301.541   completely In flash
TC89F26C0 000:301.547 - 0.018ms returns 0xBC0
TC89F26C0 000:301.657 JLINK_WriteMem(0x2003B2A0, 0xBC0 Bytes, ...)
TC89F26C0 000:301.660   Data:  01 2C 00 91 21 F0 7D 92 E1 4B 00 F9 00 00 40 B9 ...
TC89F26C0 000:301.666   completely In flash
TC89F26C0 000:301.671 - 0.013ms returns 0xBC0
TC89F26C0 000:301.779 JLINK_WriteMem(0x2003BE60, 0xBC0 Bytes, ...)
TC89F26C0 000:301.783   Data:  A3 FF FF 17 00 00 00 00 00 00 00 00 00 00 00 00 ...
TC89F26C0 000:301.795   completely In flash
TC89F26C0 000:301.805 - 0.027ms returns 0xBC0
TC89F26C0 000:301.913 JLINK_WriteMem(0x2003CA20, 0xBC0 Bytes, ...)
TC89F26C0 000:301.916   Data:  61 1F 40 38 00 05 00 0B 00 40 00 51 88 CA 61 38 ...
TC89F26C0 000:301.922   completely In flash
TC89F26C0 000:301.931 - 0.017ms returns 0xBC0
TC89F26C0 000:302.039 JLINK_WriteMem(0x2003D5E0, 0xBB0 Bytes, ...)
TC89F26C0 000:302.041   Data:  00 00 00 00 00 00 00 00 00 00 00 00 00 00 00 00 ...
TC89F26C0 000:302.077   completely In flash
TC89F26C0 000:302.083 - 0.045ms returns 0xBB0
TC89F26C0 000:302.211 JLINK_WriteMem(0x2003E190, 0xB00 Bytes, ...)
TC89F26C0 000:302.216   Data:  47 54 4D 20 43 6C 6F 73 65 20 41 50 49 20 66 61 ...
TC89F26C0 000:302.224   completely In flash
TC89F26C0 000:302.229 - 0.019ms returns 0xB00
TC89F26C0 000:302.351 JLINK_WriteMem(0x2003EC90, 0xBE0 Bytes, ...)
TC89F26C0 000:302.354   Data:  00 00 00 00 15 00 00 00 40 00 00 00 02 0B 00 00 ...
TC89F26C0 000:302.364   completely In flash
TC89F26C0 000:302.369 - 0.018ms returns 0xBE0
TC89F26C0 000:302.480 JLINK_WriteMem(0x2003F870, 0xBE0 Bytes, ...)
TC89F26C0 000:302.484   Data:  00 00 00 00 15 00 00 00 40 00 00 00 02 AF 21 00 ...
TC89F26C0 000:302.493   completely In flash
TC89F26C0 000:302.499 - 0.019ms returns 0xBE0
TC89F26C0 000:302.607 JLINK_WriteMem(0x20040450, 0xBE0 Bytes, ...)
TC89F26C0 000:302.611   Data:  20 20 20 20 20 20 20 20 30 30 30 30 30 30 30 30 ...
TC89F26C0 000:302.619   completely In flash
TC89F26C0 000:302.625 - 0.018ms returns 0xBE0
TC89F26C0 000:302.730 JLINK_WriteMem(0x20041030, 0xBC0 Bytes, ...)
TC89F26C0 000:302.733   Data:  87 5B CF 70 BD 7F C2 8F E8 96 6F 53 5C 9D BA 7A ...
TC89F26C0 000:302.739   completely In flash
TC89F26C0 000:302.745 - 0.017ms returns 0xBC0
TC89F26C0 000:302.854 JLINK_WriteMem(0x20041BF0, 0xBC0 Bytes, ...)
TC89F26C0 000:302.858   Data:  6E 8A CE 8C F5 8D 78 90 77 90 AD 92 91 92 83 95 ...
TC89F26C0 000:302.867   completely In flash
TC89F26C0 000:302.874 - 0.020ms returns 0xBC0
TC89F26C0 000:302.992 JLINK_WriteMem(0x200427B0, 0xBD0 Bytes, ...)
TC89F26C0 000:302.996   Data:  A2 51 A9 51 AA 51 AB 51 B3 51 B1 51 B2 51 B0 51 ...
TC89F26C0 000:303.004   completely In flash
TC89F26C0 000:303.010 - 0.018ms returns 0xBD0
TC89F26C0 000:303.114 JLINK_WriteMem(0x20043380, 0xBA0 Bytes, ...)
TC89F26C0 000:303.118   Data:  B1 75 CD 75 CA 75 D2 75 D9 75 E3 75 DE 75 FE 75 ...
TC89F26C0 000:303.133   completely In flash
TC89F26C0 000:303.139 - 0.024ms returns 0xBA0
TC89F26C0 000:303.262 JLINK_WriteMem(0x20043F20, 0xBD0 Bytes, ...)
TC89F26C0 000:303.265   Data:  AD 99 AE 99 BC 99 DF 99 DB 99 DD 99 D8 99 D1 99 ...
TC89F26C0 000:303.275   completely In flash
TC89F26C0 000:303.281 - 0.020ms returns 0xBD0
TC89F26C0 000:303.391 JLINK_WriteMem(0x20044AF0, 0xBE0 Bytes, ...)
TC89F26C0 000:303.395   Data:  0B 55 0C 00 01 00 06 58 0C 00 02 00 06 60 0C 00 ...
TC89F26C0 000:303.402   completely In flash
TC89F26C0 000:303.406 - 0.014ms returns 0xBE0
TC89F26C0 000:303.519 JLINK_WriteMem(0x200456D0, 0xBC0 Bytes, ...)
TC89F26C0 000:303.522   Data:  01 00 18 18 21 00 00 00 08 19 21 00 04 00 19 1E ...
TC89F26C0 000:303.530   completely In flash
TC89F26C0 000:303.535 - 0.016ms returns 0xBC0
TC89F26C0 000:303.647 JLINK_WriteMem(0x20046290, 0xBE0 Bytes, ...)
TC89F26C0 000:303.651   Data:  11 3E FD 00 00 00 15 3F FD 00 00 00 06 50 FD 00 ...
TC89F26C0 000:303.657   completely In flash
TC89F26C0 000:303.663 - 0.016ms returns 0xBE0
TC89F26C0 000:303.771 JLINK_WriteMem(0x20046E70, 0xBE0 Bytes, ...)
TC89F26C0 000:303.774   Data:  03 00 19 00 D0 01 F5 00 19 00 D1 01 26 00 19 29 ...
TC89F26C0 000:303.783   completely In flash
TC89F26C0 000:303.789 - 0.018ms returns 0xBE0
TC89F26C0 000:303.902 JLINK_WriteMem(0x20047A50, 0xBE0 Bytes, ...)
TC89F26C0 000:303.905   Data:  00 00 00 00 00 00 00 00 00 00 00 00 00 00 00 00 ...
TC89F26C0 000:303.913   completely In flash
TC89F26C0 000:303.919 - 0.017ms returns 0xBE0
TC89F26C0 000:304.023 JLINK_WriteMem(0x20048630, 0xBE0 Bytes, ...)
TC89F26C0 000:304.026   Data:  D8 12 20 40 00 00 00 00 E8 12 20 40 00 00 00 00 ...
TC89F26C0 000:304.042   completely In flash
TC89F26C0 000:304.048 - 0.025ms returns 0xBE0
TC89F26C0 000:304.160 JLINK_WriteMem(0x20049210, 0xA88 Bytes, ...)
TC89F26C0 000:304.164   Data:  00 6B 02 20 00 00 00 00 50 6B 02 20 00 00 00 00 ...
TC89F26C0 000:304.170   completely In flash
TC89F26C0 000:304.176 - 0.017ms returns 0xA88
TC89F26C0 000:306.292 JLINK_EndDownload()
TC89F26C0 000:306.622    -- --------------------------------------
TC89F26C0 000:306.667    -- Flash bank @ 0x20000000: Default: L2 verify disabled because algorithm performs L1 verify
TC89F26C0 000:306.675    -- Start of determining dirty areas in flash cache
TC89F26C0 000:306.706    -- Filling invalid ranges in sector buffer (flash cache) for sector @ 0x20000000 if necessary
TC89F26C0 000:306.727    -- Filling invalid ranges in sector buffer (flash cache) for sector @ 0x20020000 if necessary
TC89F26C0 000:306.737    -- Filling invalid ranges in sector buffer (flash cache) for sector @ 0x20030000 if necessary
TC89F26C0 000:306.748    -- Filling invalid ranges in sector buffer (flash cache) for sector @ 0x20040000 if necessary
TC89F26C0 000:308.563    -- End of determining dirty areas
TC89F26C0 000:308.589    -- Start of preparing flash programming
TC89F26C0 000:308.597    -- Calculating RAM usage
TC89F26C0 000:308.654    -- RAM usage = 20656 Bytes
TC89F26C0 000:308.660    -- Preserving CPU registers
TC89F26C0 000:308.692    -- Preparing target
TC89F26C0 000:308.700    -- Preserving target RAM temporarily used for programming
TC89F26C0 000:670.279    -- Downloading RAMCode
TC89F26C0 000:740.834    -- Preparing RAMCode
TC89F26C0 000:752.964    -- End of preparing flash programming
TC89F26C0 000:763.133    -- CPU speed could not be measured.
TC89F26C0 000:763.163    -- Start of comparing flash
TC89F26C0 000:763.172    -- CRC check was estimated as fastest method
TC89F26C0 000:764.246    -- Comparing range 0x20000000 - 0x2000FFFF (1 Sector, 64 KB), using single-block CRC calculation
TC89F26C0 000:871.100    -- CRC matches
TC89F26C0 000:871.823    -- Comparing range 0x20020000 - 0x2003FFFF (2 Sectors, 128 KB), using single-block CRC calculation
TC89F26C0 001:076.689    -- CRC does not match, checking individual sectors
TC89F26C0 001:183.146    -- CRC does not match for sector 2
TC89F26C0 001:292.179    -- CRC does not match for sector 3
TC89F26C0 001:293.041    -- Comparing range 0x20040000 - 0x2004FFFF (1 Sector, 64 KB), using single-block CRC calculation
TC89F26C0 001:400.594    -- CRC does not match for sector 4
TC89F26C0 001:402.199    -- Comparing range 0x20000000 - 0x2000FFFF (1 Sector, 64 KB), using alternative single-block CRC calculation
TC89F26C0 001:510.876    -- CRC matches
TC89F26C0 001:510.950    -- End of comparing flash
TC89F26C0 001:510.983    -- Start of erasing sectors
TC89F26C0 001:511.018    -- Erasing range 0x20020000 - 0x2003FFFF (  2 Sectors, 128 KB)
TC89F26C0 001:889.916    -- Erasing range 0x20040000 - 0x2004FFFF (  1 Sector, 64 KB)
TC89F26C0 002:076.155    -- End of erasing sectors
TC89F26C0 002:076.185    -- Start of flash programming
TC89F26C0 002:076.206    -- Programming range 0x20020000 - 0x2002FFFF (  1 Sector, 64 KB)
TC89F26C0 002:696.364    -- Programming range 0x20030000 - 0x2003FFFF (  1 Sector, 64 KB)
TC89F26C0 003:309.088    -- Programming range 0x20040000 - 0x2004FFFF (  1 Sector, 64 KB)
TC89F26C0 003:763.901    -- End of flash programming
TC89F26C0 003:763.935    -- 0x20020000 - 0x2004FFFF (  3 Sectors, 192 KB)
TC89F26C0 003:763.948    -- Start of restoring
TC89F26C0 003:763.959    -- Restoring RAMCode
TC89F26C0 003:773.541    -- Restoring target memory
TC89F26C0 003:851.536    -- Restore target
TC89F26C0 003:851.579    -- Restoring CPU registers
TC89F26C0 003:851.630    -- End of restoring
TC89F26C0 003:851.646    -- Bank 0 @ 0x20000000: 1 range affected (196608 bytes)
TC89F26C0 003:851.663    -- Total: 3.543s (Prepare: 0.454s, Compare: 0.747s, Erase: 0.565s, Program & Verify: 1.687s, Restore: 0.087s)
TC89F26C0 003:851.676    -- Program & Verify speed: 113 KB/s
TC89F26C0 003:852.911 - 3546.619ms returns 196608 (0x30000)
TC89F26C0 003:853.693 JLINK_WriteRegs_64(NumRegs = 1, Indexes: 
TC89F26C0 003:853.718   33)
TC89F26C0 003:853.729    -- PC=0x20000000
TC89F26C0 003:853.737 - 0.046ms returns 0
TC89F26C0 003:853.748 JLINK_WriteRegs_64(NumRegs = 1, Indexes: 
TC89F26C0 003:853.753   33)
TC89F26C0 003:853.760    -- PC=0x20020000
TC89F26C0 003:853.768 - 0.020ms returns 0
TC89F26C0 003:853.785 JLINK_SetEndian(ARM_ENDIAN_LITTLE)
TC89F26C0 003:853.791 - 0.008ms returns 0
TC89F26C0 003:854.318 JLINK_ResetPullsRESET(ON)
TC89F26C0 003:854.332 - 0.013ms
TC89F26C0 003:854.339 JLINK_Halt()
TC89F26C0 003:854.350 - 0.011ms returns 0x00
TC89F26C0 003:854.357 JLINK_IsHalted()
TC89F26C0 003:854.369 - 0.012ms returns TRUE
TC89F26C0 003:854.374 JLINK_Reset()
TC89F26C0 003:854.388   JLINK_GetResetTypeDesc
TC89F26C0 003:854.395   - 0.006ms
TC89F26C0 003:854.400   Reset type: NORMAL (https://wiki.segger.com/J-Link_Reset_Strategies)
TC89F26C0 003:975.761   Reset confused the core.
TC89F26C0 003:976.573   Disabled core power domain detected.
TC89F26C0 003:977.927   
  ***** Warning: 
TC89F26C0 003:977.943   CPU not halted after Reset, halting using Halt request
TC89F26C0 003:992.099 - 137.725ms
TC89F26C0 003:992.143 JLINK_SetEndian(ARM_ENDIAN_LITTLE)
TC89F26C0 003:992.153 - 0.010ms returns 0
TC89F26C0 003:995.476 JLINK_ReadMem(0x20020000, 0x40 Bytes, ...)
TC89F26C0 003:995.500    -- Read from flash cache (64 bytes @ 0x20020000)
TC89F26C0 003:995.511   Data:  00 08 02 20 00 00 00 00 FF F7 FD DF FF FF FF FF ...
TC89F26C0 003:995.523 - 0.048ms returns 0
TC89F26C0 003:996.348 JLINK_ReadMem(0x20020000, 0x40 Bytes, ...)
TC89F26C0 003:996.374    -- Read from flash cache (64 bytes @ 0x20020000)
TC89F26C0 003:996.386   Data:  00 08 02 20 00 00 00 00 FF F7 FD DF FF FF FF FF ...
TC89F26C0 003:996.399 - 0.053ms returns 0
TC89F26C0 003:997.917 JLINK_ReadMem(0x20020000, 0x40 Bytes, ...)
TC89F26C0 003:997.936    -- Read from flash cache (64 bytes @ 0x20020000)
TC89F26C0 003:997.944   Data:  00 08 02 20 00 00 00 00 FF F7 FD DF FF FF FF FF ...
TC89F26C0 003:997.952 - 0.036ms returns 0
TC89F26C0 004:137.114 JLINK_GetNumBPUnits(Type = 0xFFFFFF00)
TC89F26C0 004:137.179 - 0.067ms returns 0x06
TC89F26C0 004:137.189 JLINK_GetNumWPUnits()
TC89F26C0 004:137.197 - 0.007ms returns 4
TC89F26C0 004:137.203 JLINK_GetNumWPUnits()
TC89F26C0 004:137.209 - 0.007ms returns 4
TC89F26C0 004:137.228 JLINK_GetNumBPUnits(Type = 0xFFFFFF00)
TC89F26C0 004:137.235 - 0.007ms returns 0x06
TC89F26C0 004:137.241 JLINK_GetNumWPUnits()
TC89F26C0 004:137.248 - 0.007ms returns 4
TC89F26C0 004:137.254 JLINK_GetNumWPUnits()
TC89F26C0 004:137.261 - 0.006ms returns 4
TC89F26C0 004:137.270 JLINK_GetNumBPUnits(Type = 0xFFFFFF00)
TC89F26C0 004:137.277 - 0.007ms returns 0x06
TC89F26C0 004:137.283 JLINK_GetNumWPUnits()
TC89F26C0 004:137.289 - 0.007ms returns 4
TC89F26C0 004:137.294 JLINK_GetNumWPUnits()
TC89F26C0 004:137.302 - 0.007ms returns 4
TC89F26C0 004:137.336 JLINK_SetBPEx(Addr = 0x20023720, Type = 0xFFFFFF00)
TC89F26C0 004:137.351 - 0.015ms returns 0x00000001
TC89F26C0 004:137.362 JLINK_ClrBPEx(BPHandle = 0x00000001)
TC89F26C0 004:137.373 - 0.011ms returns 0x00
TC89F26C0 004:139.362 JLINK_ReadMem(0x20023700, 0x40 Bytes, ...)
TC89F26C0 004:139.385    -- Read from flash cache (64 bytes @ 0x20023700)
TC89F26C0 004:139.394   Data:  C0 03 5F D6 CB 1A 00 94 21 01 80 52 01 00 00 B9 ...
TC89F26C0 004:139.401 - 0.039ms returns 0
TC89F26C0 004:139.648 JLINK_SetBPEx(Addr = 0x20023728, Type = 0xFFFFFF00)
TC89F26C0 004:139.669 - 0.022ms returns 0x00000002
TC89F26C0 004:144.023 JLINK_ReadRegs_64(NumRegs = 49, Indexes: 
TC89F26C0 004:144.050   0, 
TC89F26C0 004:144.057   1, 
TC89F26C0 004:144.065   2, 
TC89F26C0 004:144.071   3, 
TC89F26C0 004:144.075   4, 
TC89F26C0 004:144.081   5, 
TC89F26C0 004:144.087   6, 
TC89F26C0 004:144.092   7, 
TC89F26C0 004:144.098   8, 
TC89F26C0 004:144.104   9, 
TC89F26C0 004:144.110   10, 
TC89F26C0 004:144.116   11, 
TC89F26C0 004:144.142   12, 
TC89F26C0 004:144.163   13, 
TC89F26C0 004:144.169   14, 
TC89F26C0 004:144.175   15, 
TC89F26C0 004:144.181   16, 
TC89F26C0 004:144.187   17, 
TC89F26C0 004:144.221   18, 
TC89F26C0 004:144.228   19, 
TC89F26C0 004:144.234   20, 
TC89F26C0 004:144.240   21, 
TC89F26C0 004:144.245   22, 
TC89F26C0 004:144.250   23, 
TC89F26C0 004:144.256   24, 
TC89F26C0 004:144.262   25, 
TC89F26C0 004:144.266   26, 
TC89F26C0 004:144.271   27, 
TC89F26C0 004:144.277   28, 
TC89F26C0 004:144.282   29, 
TC89F26C0 004:144.288   30, 
TC89F26C0 004:144.293   31, 
TC89F26C0 004:144.298   32, 
TC89F26C0 004:144.304   33, 
TC89F26C0 004:144.309   34, 
TC89F26C0 004:144.315   35, 
TC89F26C0 004:144.320   36, 
TC89F26C0 004:144.326   37, 
TC89F26C0 004:144.332   38, 
TC89F26C0 004:144.338   39, 
TC89F26C0 004:144.342   40, 
TC89F26C0 004:144.348   41, 
TC89F26C0 004:144.353   42, 
TC89F26C0 004:144.358   43, 
TC89F26C0 004:144.364   44, 
TC89F26C0 004:144.370   45, 
TC89F26C0 004:144.374   46, 
TC89F26C0 004:144.380   47, 
TC89F26C0 004:144.385   48)
TC89F26C0 004:144.410   
 -- R0=0xFA1B5FEE, R1=0x00, R2=0x00, R3=0x00, R4=0xAB6C66, R5=0x604, R6=0x3FFFFFFF, R7=0x03, R8=0x01, R9=0x01, R10=0x1006000C, R11=0x00, R12=0x2000, R13=0x00, R14=0x00, R15=0x00, R16=0x00, R17=0x00, R18=0x00, R19=0x04, R20=0x00, R21=0x00, R22=0x00, R23=0x00, R24=0x00, R25=0x00, R26=0x00, R27=0x00, R28=0x00, R29=0x00, R30=0x11EC, R31=0x00, SP=0x2FFC0, PC=0x12028, ELR_EL1=0x00, ELR_EL2=0x00, ELR_EL3=0x00, SP_EL0=0x00, SP_EL1=0x00, SP_EL2=0x00, SP_EL3=0x2FFC0, CPSR=0x800003CD, SPSR_abt=0xFEDFFBFE, SPSR_EL1=0xFEFFFFFF, SPSR_EL2=0xFEFF3FFF, SPSR_EL3=0x1CD, SPSR_fiq=0xFEDFFFFF, SPSR_irq=0xFCDFFFFE, SPSR_und=0xFA1B5FEE

TC89F26C0 004:144.420 - 0.399ms returns 0
TC89F26C0 004:145.210 JLINK_ReadMem(0x00012028, 0x4 Bytes, ...)
TC89F26C0 004:145.244   CPU_ReadMem(64 bytes @ 0x00012000)
TC89F26C0 004:147.046    -- Updating C cache (64 bytes @ 0x00012000)
TC89F26C0 004:147.066    -- Read from C cache (4 bytes @ 0x00012028)
TC89F26C0 004:147.073   Data:  64 00 00 B4
TC89F26C0 004:147.082 - 1.872ms returns 0
TC3FFF6C0 004:157.332 JLINK_GetNumBPUnits(Type = 0xFFFFFF00)
TC3FFF6C0 004:157.357 - 0.025ms returns 0x06
TC3FFF6C0 004:157.364 JLINK_GetNumWPUnits()
TC3FFF6C0 004:157.375 - 0.009ms returns 4
TC3FFF6C0 004:157.379 JLINK_GetNumWPUnits()
TC3FFF6C0 004:157.386 - 0.007ms returns 4
TC3FFF6C0 004:157.587 JLINK_GetNumBPUnits(Type = 0xFFFFFF00)
TC3FFF6C0 004:157.599 - 0.012ms returns 0x06
TC3FFF6C0 004:157.606 JLINK_GetNumWPUnits()
TC3FFF6C0 004:157.614 - 0.008ms returns 4
TC3FFF6C0 004:157.621 JLINK_GetNumWPUnits()
TC3FFF6C0 004:157.631 - 0.009ms returns 4
TC3FFF6C0 004:157.815 JLINK_GetNumBPUnits(Type = 0xFFFFFF00)
TC3FFF6C0 004:157.826 - 0.009ms returns 0x06
TC3FFF6C0 004:157.830 JLINK_GetNumWPUnits()
TC3FFF6C0 004:157.838 - 0.006ms returns 4
TC3FFF6C0 004:157.844 JLINK_GetNumWPUnits()
TC3FFF6C0 004:157.849 - 0.007ms returns 4
TC3FFF6C0 004:158.041 JLINK_GetNumBPUnits(Type = 0xFFFFFF00)
TC3FFF6C0 004:158.050 - 0.009ms returns 0x06
TC3FFF6C0 004:158.055 JLINK_GetNumWPUnits()
TC3FFF6C0 004:158.062 - 0.007ms returns 4
TC3FFF6C0 004:158.068 JLINK_GetNumWPUnits()
TC3FFF6C0 004:158.075 - 0.007ms returns 4
TC3FFF6C0 004:158.430 JLINK_GetNumBPUnits(Type = 0xFFFFFF00)
TC3FFF6C0 004:158.443 - 0.013ms returns 0x06
TC3FFF6C0 004:158.450 JLINK_GetNumWPUnits()
TC3FFF6C0 004:158.457 - 0.007ms returns 4
TC3FFF6C0 004:158.462 JLINK_GetNumWPUnits()
TC3FFF6C0 004:158.469 - 0.006ms returns 4
TC3FFF6C0 004:158.766 JLINK_GetNumBPUnits(Type = 0xFFFFFF00)
TC3FFF6C0 004:158.776 - 0.009ms returns 0x06
TC3FFF6C0 004:158.783 JLINK_GetNumWPUnits()
TC3FFF6C0 004:158.790 - 0.008ms returns 4
TC3FFF6C0 004:158.797 JLINK_GetNumWPUnits()
TC3FFF6C0 004:158.804 - 0.008ms returns 4
TC3FFF6C0 004:158.994 JLINK_GetNumBPUnits(Type = 0xFFFFFF00)
TC3FFF6C0 004:159.006 - 0.011ms returns 0x06
TC3FFF6C0 004:159.013 JLINK_GetNumWPUnits()
TC3FFF6C0 004:159.021 - 0.008ms returns 4
TC3FFF6C0 004:159.028 JLINK_GetNumWPUnits()
TC3FFF6C0 004:159.037 - 0.007ms returns 4
TC3FFF6C0 004:159.209 JLINK_GetNumBPUnits(Type = 0xFFFFFF00)
TC3FFF6C0 004:159.224 - 0.015ms returns 0x06
TC3FFF6C0 004:159.231 JLINK_GetNumWPUnits()
TC3FFF6C0 004:159.240 - 0.009ms returns 4
TC3FFF6C0 004:159.246 JLINK_GetNumWPUnits()
TC3FFF6C0 004:159.254 - 0.008ms returns 4
TC89F26C0 004:167.330 JLINK_ReadMem(0x00012028, 0x4 Bytes, ...)
TC89F26C0 004:167.386    -- Read from C cache (4 bytes @ 0x00012028)
TC89F26C0 004:167.393   Data:  64 00 00 B4
TC89F26C0 004:167.401 - 0.071ms returns 0
TC89F26C0 006:065.174 JLINK_STRACE_Read(..., NumItems = 0x10000)
TC89F26C0 006:065.276   Initializing trace type buffer with configured Coresight trace components (* indicates set/detected address):
TC89F26C0 006:065.281    *TF:   0x10C40000
TC89F26C0 006:065.286    *TMC:  0x10C20000
TC89F26C0 006:065.291    *ETB:  0x10C30000
TC89F26C0 006:065.294     MTB:  0x00000000
TC89F26C0 006:065.299     TPIU: 0x00000000
TC89F26C0 006:065.303     ETM:  0x00000000
TC89F26C0 006:065.307     STM:  0x00000000
TC89F26C0 006:065.311     PTM:  0x00000000
TC89F26C0 006:065.316   
  ***** Warning: 
TC89F26C0 006:065.322   Required trace components for buffer trace not found!
Details see https://wiki.segger.com/Arm_trace_technical_specification#Required_trace_components
TC89F26C0 006:065.362   Looking for J-Link GUI Server exe at: ARM/Segger_v8.10.1/JLinkGUIServerExe
TC89F26C0 006:065.374   Looking for J-Link GUI Server exe at: /opt/SEGGER/JLink/JLinkGUIServerExe
TC89F26C0 006:065.384   Forking J-Link GUI Server: /opt/SEGGER/JLink/JLinkGUIServerExe
TC89F26C0 006:066.016   J-Link GUI Server info: "J-Link GUI server V7.98f "
TC89F26C0 007:343.737 - 1278.562ms NumItemsRead = 0xFFFFFFFF
TC89F26C0 007:343.797 JLINK_IsHalted()
TC89F26C0 007:344.140 - 0.344ms returns TRUE
TC89F26C0 007:344.164 JLINK_STRACE_Read(..., NumItems = 0x10000)
TC89F26C0 007:344.178 - 0.014ms NumItemsRead = 0x00
TC89F26C0 007:344.188 JLINK_GoEx(MaxEmulInsts = 0, Flags = 0x01)
TC89F26C0 007:346.884   Memory map 'after startup completion point' is active
TC89F26C0 007:346.896 - 2.708ms
TC3FFF6C0 007:347.436 JLINK_IsHalted()
TC3FFF6C0 007:347.712 - 0.273ms returns FALSE
TC3FFF6C0 007:347.720 JLINK_IsHalted()
TC3FFF6C0 007:347.943 - 0.222ms returns FALSE
TC89F26C0 007:447.287 JLINK_IsHalted()
TC89F26C0 007:447.591 - 0.307ms returns FALSE
TC89F26C0 007:447.598 JLINK_IsHalted()
TC89F26C0 007:447.930 - 0.332ms returns FALSE
TC89F26C0 007:548.185 JLINK_IsHalted()
TC89F26C0 007:555.212 - 7.027ms returns TRUE
TC89F26C0 007:555.241 JLINK_ReadRegs_64(NumRegs = 1, Indexes: 
TC89F26C0 007:555.247   33)
TC89F26C0 007:555.257    -- PC=0x20023728
TC89F26C0 007:555.266 - 0.027ms returns 0
TC89F26C0 007:555.278 JLINK_ReadRegs_64(NumRegs = 1, Indexes: 
TC89F26C0 007:555.284   41)
TC89F26C0 007:555.290    -- CPSR=0x6000000D
TC89F26C0 007:555.298 - 0.022ms returns 0
TC89F26C0 007:555.306 JLINK_ReadRegs_64(NumRegs = 1, Indexes: 
TC89F26C0 007:555.311   33)
TC89F26C0 007:555.318    -- PC=0x20023728
TC89F26C0 007:555.330 - 0.023ms returns 0
TC89F26C0 007:555.341 JLINK_ReadRegs_64(NumRegs = 1, Indexes: 
TC89F26C0 007:555.349   41)
TC89F26C0 007:555.358    -- CPSR=0x6000000D
TC89F26C0 007:555.369 - 0.029ms returns 0
TC89F26C0 007:555.381 JLINK_IsHalted()
TC89F26C0 007:555.396 - 0.014ms returns TRUE
TC89F26C0 007:555.409 JLINK_ReadRegs_64(NumRegs = 1, Indexes: 
TC89F26C0 007:555.415   41)
TC89F26C0 007:555.426    -- CPSR=0x6000000D
TC89F26C0 007:555.438 - 0.028ms returns 0
TC89F26C0 007:555.451 JLINK_ReadRegs_64(NumRegs = 1, Indexes: 
TC89F26C0 007:555.458   33)
TC89F26C0 007:555.468    -- PC=0x20023728
TC89F26C0 007:555.478 - 0.027ms returns 0
TC89F26C0 007:555.490 JLINK_ReadRegs_64(NumRegs = 1, Indexes: 
TC89F26C0 007:555.497   41)
TC89F26C0 007:555.506    -- CPSR=0x6000000D
TC89F26C0 007:555.518 - 0.027ms returns 0
TC89F26C0 007:556.442 JLINK_ReadRegs_64(NumRegs = 49, Indexes: 
TC89F26C0 007:556.465   0, 
TC89F26C0 007:556.476   1, 
TC89F26C0 007:556.484   2, 
TC89F26C0 007:556.492   3, 
TC89F26C0 007:556.502   4, 
TC89F26C0 007:556.540   5, 
TC89F26C0 007:556.548   6, 
TC89F26C0 007:556.562   7, 
TC89F26C0 007:556.572   8, 
TC89F26C0 007:556.579   9, 
TC89F26C0 007:556.585   10, 
TC89F26C0 007:556.592   11, 
TC89F26C0 007:556.598   12, 
TC89F26C0 007:556.605   13, 
TC89F26C0 007:556.611   14, 
TC89F26C0 007:556.618   15, 
TC89F26C0 007:556.624   16, 
TC89F26C0 007:556.631   17, 
TC89F26C0 007:556.637   18, 
TC89F26C0 007:556.644   19, 
TC89F26C0 007:556.650   20, 
TC89F26C0 007:556.657   21, 
TC89F26C0 007:556.664   22, 
TC89F26C0 007:556.670   23, 
TC89F26C0 007:556.676   24, 
TC89F26C0 007:556.683   25, 
TC89F26C0 007:556.691   26, 
TC89F26C0 007:556.738   27, 
TC89F26C0 007:556.745   28, 
TC89F26C0 007:556.751   29, 
TC89F26C0 007:556.758   30, 
TC89F26C0 007:556.763   31, 
TC89F26C0 007:556.770   32, 
TC89F26C0 007:556.777   33, 
TC89F26C0 007:556.783   34, 
TC89F26C0 007:556.790   35, 
TC89F26C0 007:556.796   36, 
TC89F26C0 007:556.803   37, 
TC89F26C0 007:556.851   38, 
TC89F26C0 007:556.858   39, 
TC89F26C0 007:556.864   40, 
TC89F26C0 007:556.871   41, 
TC89F26C0 007:556.878   42, 
TC89F26C0 007:556.884   43, 
TC89F26C0 007:556.891   44, 
TC89F26C0 007:556.897   45, 
TC89F26C0 007:556.904   46, 
TC89F26C0 007:556.910   47, 
TC89F26C0 007:556.917   48)
TC89F26C0 007:556.946   
 -- R0=0x401815, R1=0x01, R2=0x00, R3=0xFFFFFFFFFFFFFFFF, R4=0x06, R5=0x200, R6=0x200000, R7=0xFFFFFFC0, R8=0x01, R9=0xFFFFFFFFF0000000, R10=0x04, R11=0x02, R12=0xCCC2000, R13=0x80000014, R14=0x1006007C, R15=0x04, R16=0x10000000, R17=0x40, R18=0x88, R19=0x12064, R20=0x1B030, R21=0x00, R22=0x00, R23=0x00, R24=0x00, R25=0x00, R26=0x00, R27=0x00, R28=0x00, R29=0x40204910, R30=0x20021AD0, R31=0x00, SP=0x40204910, PC=0x20023728, ELR_EL1=0x00, ELR_EL2=0x00, ELR_EL3=0x20020800, SP_EL0=0x1C680, SP_EL1=0x00, SP_EL2=0x00, SP_EL3=0x40204910, CPSR=0x6000000D, SPSR_abt=0xFEDFFBFE, SPSR_EL1=0xFEFFFFFF, SPSR_EL2=0xFEFF3FFF, SPSR_EL3=0x3CD, SPSR_fiq=0xFEDFFFFF, SPSR_irq=0xFCDFFFFE, SPSR_und=0xFA1B5FEE

TC89F26C0 007:556.959 - 0.517ms returns 0
TC89F26C0 007:559.076 JLINK_ReadMem(0x20023700, 0x40 Bytes, ...)
TC89F26C0 007:559.101    -- Read from flash cache (64 bytes @ 0x20023700)
TC89F26C0 007:559.109   Data:  C0 03 5F D6 CB 1A 00 94 21 01 80 52 01 00 00 B9 ...
TC89F26C0 007:559.116 - 0.043ms returns 0
TC89F26C0 007:560.257 JLINK_ClrBPEx(BPHandle = 0x00000002)
TC89F26C0 007:560.281 - 0.026ms returns 0x00
TC89F26C0 007:566.856 JLINK_ReadMem(0x20023700, 0x40 Bytes, ...)
TC89F26C0 007:566.878    -- Read from flash cache (64 bytes @ 0x20023700)
TC89F26C0 007:566.886   Data:  C0 03 5F D6 CB 1A 00 94 21 01 80 52 01 00 00 B9 ...
TC89F26C0 007:566.893 - 0.039ms returns 0
TC89F26C0 008:976.887 JLINK_STRACE_Read(..., NumItems = 0x10000)
TC89F26C0 008:976.944 - 0.058ms NumItemsRead = 0x00
TC89F26C0 008:976.957 JLINK_IsHalted()
TC89F26C0 008:977.280 - 0.323ms returns TRUE
TC89F26C0 008:977.294 JLINK_STRACE_Read(..., NumItems = 0x10000)
TC89F26C0 008:977.301 - 0.006ms NumItemsRead = 0x00
TC89F26C0 008:977.309 JLINK_GoEx(MaxEmulInsts = 0, Flags = 0x01)
TC89F26C0 008:980.528 - 3.219ms
TC89F26C0 009:081.264 JLINK_IsHalted()
TC89F26C0 009:081.632 - 0.369ms returns FALSE
TC89F26C0 009:081.637 JLINK_IsHalted()
TC89F26C0 009:081.983 - 0.346ms returns FALSE
TC89F26C0 009:182.214 JLINK_IsHalted()
TC89F26C0 009:182.616 - 0.401ms returns FALSE
TC89F26C0 009:182.620 JLINK_IsHalted()
TC89F26C0 009:182.967 - 0.347ms returns FALSE
TC89F26C0 009:283.163 JLINK_IsHalted()
TC89F26C0 009:283.505 - 0.344ms returns FALSE
TC89F26C0 009:283.510 JLINK_IsHalted()
TC89F26C0 009:283.842 - 0.331ms returns FALSE
TC89F26C0 009:384.158 JLINK_IsHalted()
TC89F26C0 009:384.596 - 0.437ms returns FALSE
TC89F26C0 009:384.611 JLINK_IsHalted()
TC89F26C0 009:384.910 - 0.300ms returns FALSE
TC89F26C0 009:485.295 JLINK_IsHalted()
TC89F26C0 009:485.608 - 0.312ms returns FALSE
TC89F26C0 009:485.613 JLINK_IsHalted()
TC89F26C0 009:485.985 - 0.371ms returns FALSE
TC89F26C0 009:586.246 JLINK_IsHalted()
TC89F26C0 009:586.563 - 0.318ms returns FALSE
TC89F26C0 009:586.581 JLINK_IsHalted()
TC89F26C0 009:586.926 - 0.346ms returns FALSE
TC89F26C0 009:687.229 JLINK_IsHalted()
TC89F26C0 009:687.617 - 0.390ms returns FALSE
TC89F26C0 009:687.626 JLINK_IsHalted()
TC89F26C0 009:687.956 - 0.332ms returns FALSE
TC89F26C0 009:788.163 JLINK_IsHalted()
TC89F26C0 009:788.436 - 0.274ms returns FALSE
TC89F26C0 009:788.442 JLINK_IsHalted()
TC89F26C0 009:788.668 - 0.227ms returns FALSE
TC89F26C0 009:889.156 JLINK_IsHalted()
TC89F26C0 009:889.443 - 0.285ms returns FALSE
TC89F26C0 009:889.447 JLINK_IsHalted()
TC89F26C0 009:889.794 - 0.347ms returns FALSE
TC89F26C0 009:990.256 JLINK_IsHalted()
TC89F26C0 009:990.532 - 0.274ms returns FALSE
TC89F26C0 009:990.536 JLINK_IsHalted()
TC89F26C0 009:990.878 - 0.342ms returns FALSE
TC89F26C0 010:091.160 JLINK_IsHalted()
TC89F26C0 010:091.441 - 0.283ms returns FALSE
TC89F26C0 010:091.446 JLINK_IsHalted()
TC89F26C0 010:091.673 - 0.226ms returns FALSE
TC89F26C0 010:192.212 JLINK_IsHalted()
TC89F26C0 010:192.578 - 0.364ms returns FALSE
TC89F26C0 010:192.582 JLINK_IsHalted()
TC89F26C0 010:192.923 - 0.341ms returns FALSE
TC89F26C0 010:293.231 JLINK_IsHalted()
TC89F26C0 010:293.570 - 0.338ms returns FALSE
TC89F26C0 010:293.575 JLINK_IsHalted()
TC89F26C0 010:293.816 - 0.240ms returns FALSE
TC3FFF6C0 010:350.392 JLINK_IsHalted()
TC3FFF6C0 010:350.709 - 0.317ms returns FALSE
TC3FFF6C0 010:350.719 JLINK_IsHalted()
TC3FFF6C0 010:351.057 - 0.338ms returns FALSE
TC89F26C0 010:380.678 JLINK_IsHalted()
TC89F26C0 010:381.064 - 0.386ms returns FALSE
TC89F26C0 010:381.079 JLINK_IsHalted()
TC89F26C0 010:381.495 - 0.417ms returns FALSE
TC89F26C0 010:381.517 JLINK_IsHalted()
TC89F26C0 010:381.840 - 0.322ms returns FALSE
TC89F26C0 010:381.847 JLINK_IsHalted()
TC89F26C0 010:382.182 - 0.336ms returns FALSE
TC89F26C0 010:382.195 JLINK_Halt()
TC89F26C0 010:389.182 - 6.987ms returns 0x00
TC89F26C0 010:389.226 JLINK_IsHalted()
TC89F26C0 010:389.237 - 0.009ms returns TRUE
TC89F26C0 010:389.245 JLINK_ReadRegs_64(NumRegs = 1, Indexes: 
TC89F26C0 010:389.251   33)
TC89F26C0 010:389.260    -- PC=0x20022984
TC89F26C0 010:389.268 - 0.022ms returns 0
TC89F26C0 010:389.277 JLINK_ReadRegs_64(NumRegs = 1, Indexes: 
TC89F26C0 010:389.282   41)
TC89F26C0 010:389.289    -- CPSR=0x2000000D
TC89F26C0 010:389.296 - 0.019ms returns 0
TC89F26C0 010:389.302 JLINK_ReadRegs_64(NumRegs = 1, Indexes: 
TC89F26C0 010:389.307   33)
TC89F26C0 010:389.314    -- PC=0x20022984
TC89F26C0 010:389.321 - 0.018ms returns 0
TC89F26C0 010:389.327 JLINK_ReadRegs_64(NumRegs = 1, Indexes: 
TC89F26C0 010:389.332   41)
TC89F26C0 010:389.338    -- CPSR=0x2000000D
TC89F26C0 010:389.346 - 0.018ms returns 0
TC89F26C0 010:389.352 JLINK_IsHalted()
TC89F26C0 010:389.360 - 0.008ms returns TRUE
TC89F26C0 010:389.366 JLINK_ReadRegs_64(NumRegs = 1, Indexes: 
TC89F26C0 010:389.371   41)
TC89F26C0 010:389.377    -- CPSR=0x2000000D
TC89F26C0 010:389.384 - 0.018ms returns 0
TC89F26C0 010:389.391 JLINK_ReadRegs_64(NumRegs = 1, Indexes: 
TC89F26C0 010:389.395   33)
TC89F26C0 010:389.402    -- PC=0x20022984
TC89F26C0 010:389.409 - 0.019ms returns 0
TC89F26C0 010:389.415 JLINK_ReadRegs_64(NumRegs = 1, Indexes: 
TC89F26C0 010:389.420   41)
TC89F26C0 010:389.425    -- CPSR=0x2000000D
TC89F26C0 010:389.433 - 0.017ms returns 0
TC89F26C0 010:389.941 JLINK_ReadRegs_64(NumRegs = 49, Indexes: 
TC89F26C0 010:389.955   0, 
TC89F26C0 010:389.960   1, 
TC89F26C0 010:389.962   2, 
TC89F26C0 010:389.965   3, 
TC89F26C0 010:389.968   4, 
TC89F26C0 010:389.970   5, 
TC89F26C0 010:389.974   6, 
TC89F26C0 010:389.978   7, 
TC89F26C0 010:389.981   8, 
TC89F26C0 010:389.985   9, 
TC89F26C0 010:389.987   10, 
TC89F26C0 010:389.992   11, 
TC89F26C0 010:389.994   12, 
TC89F26C0 010:389.997   13, 
TC89F26C0 010:390.000   14, 
TC89F26C0 010:390.004   15, 
TC89F26C0 010:390.007   16, 
TC89F26C0 010:390.010   17, 
TC89F26C0 010:390.014   18, 
TC89F26C0 010:390.017   19, 
TC89F26C0 010:390.019   20, 
TC89F26C0 010:390.023   21, 
TC89F26C0 010:390.025   22, 
TC89F26C0 010:390.038   23, 
TC89F26C0 010:390.041   24, 
TC89F26C0 010:390.044   25, 
TC89F26C0 010:390.046   26, 
TC89F26C0 010:390.050   27, 
TC89F26C0 010:390.052   28, 
TC89F26C0 010:390.056   29, 
TC89F26C0 010:390.058   30, 
TC89F26C0 010:390.062   31, 
TC89F26C0 010:390.064   32, 
TC89F26C0 010:390.068   33, 
TC89F26C0 010:390.071   34, 
TC89F26C0 010:390.074   35, 
TC89F26C0 010:390.077   36, 
TC89F26C0 010:390.080   37, 
TC89F26C0 010:390.083   38, 
TC89F26C0 010:390.087   39, 
TC89F26C0 010:390.090   40, 
TC89F26C0 010:390.094   41, 
TC89F26C0 010:390.096   42, 
TC89F26C0 010:390.100   43, 
TC89F26C0 010:390.102   44, 
TC89F26C0 010:390.106   45, 
TC89F26C0 010:390.108   46, 
TC89F26C0 010:390.112   47, 
TC89F26C0 010:390.115   48)
TC89F26C0 010:390.134   
 -- R0=0x15B, R1=0x03, R2=0x2B6, R3=0x40204890, R4=0x80282B80, R5=0x5A, R6=0xAE, R7=0x30, R8=0x40205500, R9=0x402054FC, R10=0x01, R11=0x53504C5528206574, R12=0x692072657355202E, R13=0x0A0D203A7475706E, R14=0x1006007C, R15=0x04, R16=0x238F8, R17=0x40, R18=0x88, R19=0x00, R20=0x1B030, R21=0x00, R22=0x00, R23=0x00, R24=0x00, R25=0x00, R26=0x00, R27=0x00, R28=0x00, R29=0x40204880, R30=0x20022D90, R31=0x00, SP=0x40204880, PC=0x20022984, ELR_EL1=0x00, ELR_EL2=0x00, ELR_EL3=0x20022DA4, SP_EL0=0x1C680, SP_EL1=0x00, SP_EL2=0x00, SP_EL3=0x40204880, CPSR=0x2000000D, SPSR_abt=0xFEDFFBFE, SPSR_EL1=0xFEFFFFFF, SPSR_EL2=0xFEFF3FFF, SPSR_EL3=0x8000000D, SPSR_fiq=0xFEDFFFFF, SPSR_irq=0xFCDFFFFE, SPSR_und=0xFA1B5FEE

TC89F26C0 010:390.143 - 0.201ms returns 0
TC89F26C0 010:391.585 JLINK_ReadMem(0x20022980, 0x40 Bytes, ...)
TC89F26C0 010:391.603    -- Read from flash cache (64 bytes @ 0x20022980)
TC89F26C0 010:391.609   Data:  01 08 C5 1A 21 00 01 8B E3 43 00 91 61 68 61 78 ...
TC89F26C0 010:391.615 - 0.029ms returns 0
TD09B7C00 010:896.596 JLINK_Halt()
TD09B7C00 010:896.934 - 0.337ms returns 0x00
TD09B7C00 010:896.945 JLINK_ReadRegs_64(NumRegs = 1, Indexes: 
TD09B7C00 010:896.951   41)
TD09B7C00 010:896.967    -- CPSR=0x2000000D
TD09B7C00 010:896.976 - 0.031ms returns 0
TD09B7C00 010:904.291 JLINK_Close()
TD09B7C00 010:919.209 - 14.917ms
TD09B7C00 010:919.235   
TD09B7C00 010:919.240   Closed
